<?xml version="1.0" encoding="UTF-8"?>
<!-- Generated by org.testng.reporters.JUnitXMLReporter -->
<testsuite ignored="4" hostname="DESKTOP-28CLGRH" failures="1" tests="4" name="Default test(failed)" time="46.684" errors="0" timestamp="2024-02-14T17:23:21 IST">
  <testcase classname="AshBrokerage.test.LoginPage_test" name="login" time="22.513"/>
  <testcase classname="AshBrokerage.test.LoginPage_test" name="clickOnClientButton" time="13.214">
    <failure type="org.openqa.selenium.ElementClickInterceptedException" message="element click intercepted: Element &amp;lt;input autocapitalize=&amp;quot;none&amp;quot; autocomplete=&amp;quot;off&amp;quot; autocorrect=&amp;quot;off&amp;quot; spellcheck=&amp;quot;false&amp;quot; tabindex=&amp;quot;0&amp;quot; type=&amp;quot;text&amp;quot; aria-autocomplete=&amp;quot;list&amp;quot; placeholder=&amp;quot;&amp;quot; class=&amp;quot;svelte-17l1npl&amp;quot; style=&amp;quot;padding: 0px !important;&amp;quot;&amp;gt; is not clickable at point (128, 852). Other element would receive the click: &amp;lt;span class=&amp;quot;flex justify-center items-center absolute w-full h-full z-50 bg-black opacity-50&amp;quot;&amp;gt;...&amp;lt;/span&amp;gt;
  (Session info: chrome=121.0.6167.161)
Build info: version: &amp;apos;4.9.1&amp;apos;, revision: &amp;apos;eb2032df7f&amp;apos;
System info: os.name: &amp;apos;Windows 10&amp;apos;, os.arch: &amp;apos;amd64&amp;apos;, os.version: &amp;apos;10.0&amp;apos;, java.version: &amp;apos;20.0.1&amp;apos;
Driver info: org.openqa.selenium.chrome.ChromeDriver
Command: [579b177fa66095e60e1ccbab80289550, clickElement {id=0336A53654BEB9814C7F54A0D160EE40_element_370}]
Capabilities {acceptInsecureCerts: false, browserName: chrome, browserVersion: 121.0.6167.161, chrome: {chromedriverVersion: 121.0.6167.85 (3f98d690ad7e..., userDataDir: C:\Users\IPS-52\AppData\Loc...}, fedcm:accounts: true, goog:chromeOptions: {debuggerAddress: localhost:63395}, networkConnectionEnabled: false, pageLoadStrategy: normal, platformName: windows, proxy: Proxy(), se:cdp: ws://localhost:63395/devtoo..., se:cdpVersion: 121.0.6167.161, setWindowRect: true, strictFileInteractability: false, timeouts: {implicit: 0, pageLoad: 300000, script: 30000}, unhandledPromptBehavior: dismiss and notify, webauthn:extension:credBlob: true, webauthn:extension:largeBlob: true, webauthn:extension:minPinLength: true, webauthn:extension:prf: true, webauthn:virtualAuthenticators: true}
Element: [[ChromeDriver: chrome on windows (579b177fa66095e60e1ccbab80289550)] -&amp;gt; xpath: (//div/input[@class=&amp;apos;svelte-17l1npl&amp;apos;])[9]]
Session ID: 579b177fa66095e60e1ccbab80289550">
      <![CDATA[org.openqa.selenium.ElementClickInterceptedException: element click intercepted: Element <input autocapitalize="none" autocomplete="off" autocorrect="off" spellcheck="false" tabindex="0" type="text" aria-autocomplete="list" placeholder="" class="svelte-17l1npl" style="padding: 0px !important;"> is not clickable at point (128, 852). Other element would receive the click: <span class="flex justify-center items-center absolute w-full h-full z-50 bg-black opacity-50">...</span>
  (Session info: chrome=121.0.6167.161)
Build info: version: '4.9.1', revision: 'eb2032df7f'
System info: os.name: 'Windows 10', os.arch: 'amd64', os.version: '10.0', java.version: '20.0.1'
Driver info: org.openqa.selenium.chrome.ChromeDriver
Command: [579b177fa66095e60e1ccbab80289550, clickElement {id=0336A53654BEB9814C7F54A0D160EE40_element_370}]
Capabilities {acceptInsecureCerts: false, browserName: chrome, browserVersion: 121.0.6167.161, chrome: {chromedriverVersion: 121.0.6167.85 (3f98d690ad7e..., userDataDir: C:\Users\IPS-52\AppData\Loc...}, fedcm:accounts: true, goog:chromeOptions: {debuggerAddress: localhost:63395}, networkConnectionEnabled: false, pageLoadStrategy: normal, platformName: windows, proxy: Proxy(), se:cdp: ws://localhost:63395/devtoo..., se:cdpVersion: 121.0.6167.161, setWindowRect: true, strictFileInteractability: false, timeouts: {implicit: 0, pageLoad: 300000, script: 30000}, unhandledPromptBehavior: dismiss and notify, webauthn:extension:credBlob: true, webauthn:extension:largeBlob: true, webauthn:extension:minPinLength: true, webauthn:extension:prf: true, webauthn:virtualAuthenticators: true}
Element: [[ChromeDriver: chrome on windows (579b177fa66095e60e1ccbab80289550)] -> xpath: (//div/input[@class='svelte-17l1npl'])[9]]
Session ID: 579b177fa66095e60e1ccbab80289550
at org.openqa.selenium.remote.codec.w3c.W3CHttpResponseCodec.createException(W3CHttpResponseCodec.java:200)
at org.openqa.selenium.remote.codec.w3c.W3CHttpResponseCodec.decode(W3CHttpResponseCodec.java:133)
at org.openqa.selenium.remote.codec.w3c.W3CHttpResponseCodec.decode(W3CHttpResponseCodec.java:53)
at org.openqa.selenium.remote.HttpCommandExecutor.execute(HttpCommandExecutor.java:193)
at org.openqa.selenium.remote.service.DriverCommandExecutor.invokeExecute(DriverCommandExecutor.java:183)
at org.openqa.selenium.remote.service.DriverCommandExecutor.execute(DriverCommandExecutor.java:158)
at org.openqa.selenium.remote.RemoteWebDriver.execute(RemoteWebDriver.java:543)
at org.openqa.selenium.remote.RemoteWebElement.execute(RemoteWebElement.java:257)
at org.openqa.selenium.remote.RemoteWebElement.click(RemoteWebElement.java:78)
at org.openqa.selenium.support.pagefactory.internal.LocatingElementHandler.invoke(LocatingElementHandler.java:52)
at jdk.proxy2/jdk.proxy2.$Proxy21.click(Unknown Source)
at AshBrokerage.main.Dashboard_page.mode_dropdown(Dashboard_page.java:136)
at AshBrokerage.test.LoginPage_test.clickOnClientButton(LoginPage_test.java:140)
at java.base/java.util.ArrayList.forEach(ArrayList.java:1511)
... Removed 30 stack frames]]>
    </failure>
  </testcase> <!-- clickOnClientButton -->
  <testcase classname="AshBrokerage.test.LoginPage_test" name="journeySelection" time="0.0">
    <skipped/>
  </testcase> <!-- journeySelection -->
  <testcase classname="AshBrokerage.test.LoginPage_test" name="negativeTestForCorebridgeJourney" time="0.0">
    <skipped/>
  </testcase> <!-- negativeTestForCorebridgeJourney -->
  <testcase classname="AshBrokerage.test.LoginPage_test" name="verifyHeadline" time="0.0">
    <ignored/>
  </testcase> <!-- verifyHeadline -->
  <testcase classname="AshBrokerage.test.LoginPage_test" name="verifyLogoOnLoginPage" time="0.0">
    <ignored/>
  </testcase> <!-- verifyLogoOnLoginPage -->
  <testcase classname="AshBrokerage.test.LoginPage_test" name="verifiedLogo" time="0.0">
    <ignored/>
  </testcase> <!-- verifiedLogo -->
  <testcase classname="AshBrokerage.test.LoginPage_test" name="protectiveJourney" time="0.0">
    <ignored/>
  </testcase> <!-- protectiveJourney -->
</testsuite> <!-- Default test(failed) -->
