<?xml version="1.0" encoding="UTF-8"?>
<!-- Generated by org.testng.reporters.JUnitXMLReporter -->
<testsuite ignored="7" hostname="DESKTOP-28CLGRH" failures="1" tests="4" name="Default test" time="81.766" errors="0" timestamp="2024-01-17T11:27:12 IST">
  <testcase classname="AshBrokerage.test.LoginPage_test" name="login" time="37.056"/>
  <testcase classname="AshBrokerage.test.LoginPage_test" name="clickOnClientButton" time="34.731">
    <failure type="org.openqa.selenium.ElementClickInterceptedException" message="element click intercepted: Element &amp;lt;input autocapitalize=&amp;quot;none&amp;quot; autocomplete=&amp;quot;off&amp;quot; autocorrect=&amp;quot;off&amp;quot; spellcheck=&amp;quot;false&amp;quot; tabindex=&amp;quot;0&amp;quot; type=&amp;quot;text&amp;quot; aria-autocomplete=&amp;quot;list&amp;quot; placeholder=&amp;quot;&amp;quot; class=&amp;quot;svelte-17l1npl&amp;quot; style=&amp;quot;padding: 0px !important;&amp;quot;&amp;gt; is not clickable at point (128, 852). Other element would receive the click: &amp;lt;span class=&amp;quot;flex justify-center items-center absolute w-full h-full z-50 bg-black opacity-50&amp;quot;&amp;gt;...&amp;lt;/span&amp;gt;
  (Session info: chrome=120.0.6099.217)
Build info: version: &amp;apos;4.9.1&amp;apos;, revision: &amp;apos;eb2032df7f&amp;apos;
System info: os.name: &amp;apos;Windows 10&amp;apos;, os.arch: &amp;apos;amd64&amp;apos;, os.version: &amp;apos;10.0&amp;apos;, java.version: &amp;apos;20.0.1&amp;apos;
Driver info: org.openqa.selenium.chrome.ChromeDriver
Command: [6393442b79538b777be2f761498a58df, clickElement {id=33187A265C1BDED1B9767CD37B59DB3A_element_190}]
Capabilities {acceptInsecureCerts: false, browserName: chrome, browserVersion: 120.0.6099.217, chrome: {chromedriverVersion: 120.0.6099.109 (3419140ab66..., userDataDir: C:\Users\IPS-52\AppData\Loc...}, fedcm:accounts: true, goog:chromeOptions: {debuggerAddress: localhost:51076}, networkConnectionEnabled: false, pageLoadStrategy: normal, platformName: windows, proxy: Proxy(), se:cdp: ws://localhost:51076/devtoo..., se:cdpVersion: 120.0.6099.217, setWindowRect: true, strictFileInteractability: false, timeouts: {implicit: 0, pageLoad: 300000, script: 30000}, unhandledPromptBehavior: dismiss and notify, webauthn:extension:credBlob: true, webauthn:extension:largeBlob: true, webauthn:extension:minPinLength: true, webauthn:extension:prf: true, webauthn:virtualAuthenticators: true}
Element: [[ChromeDriver: chrome on windows (6393442b79538b777be2f761498a58df)] -&amp;gt; xpath: (//div/input[@class=&amp;apos;svelte-17l1npl&amp;apos;])[9]]
Session ID: 6393442b79538b777be2f761498a58df">
      <![CDATA[org.openqa.selenium.ElementClickInterceptedException: element click intercepted: Element <input autocapitalize="none" autocomplete="off" autocorrect="off" spellcheck="false" tabindex="0" type="text" aria-autocomplete="list" placeholder="" class="svelte-17l1npl" style="padding: 0px !important;"> is not clickable at point (128, 852). Other element would receive the click: <span class="flex justify-center items-center absolute w-full h-full z-50 bg-black opacity-50">...</span>
  (Session info: chrome=120.0.6099.217)
Build info: version: '4.9.1', revision: 'eb2032df7f'
System info: os.name: 'Windows 10', os.arch: 'amd64', os.version: '10.0', java.version: '20.0.1'
Driver info: org.openqa.selenium.chrome.ChromeDriver
Command: [6393442b79538b777be2f761498a58df, clickElement {id=33187A265C1BDED1B9767CD37B59DB3A_element_190}]
Capabilities {acceptInsecureCerts: false, browserName: chrome, browserVersion: 120.0.6099.217, chrome: {chromedriverVersion: 120.0.6099.109 (3419140ab66..., userDataDir: C:\Users\IPS-52\AppData\Loc...}, fedcm:accounts: true, goog:chromeOptions: {debuggerAddress: localhost:51076}, networkConnectionEnabled: false, pageLoadStrategy: normal, platformName: windows, proxy: Proxy(), se:cdp: ws://localhost:51076/devtoo..., se:cdpVersion: 120.0.6099.217, setWindowRect: true, strictFileInteractability: false, timeouts: {implicit: 0, pageLoad: 300000, script: 30000}, unhandledPromptBehavior: dismiss and notify, webauthn:extension:credBlob: true, webauthn:extension:largeBlob: true, webauthn:extension:minPinLength: true, webauthn:extension:prf: true, webauthn:virtualAuthenticators: true}
Element: [[ChromeDriver: chrome on windows (6393442b79538b777be2f761498a58df)] -> xpath: (//div/input[@class='svelte-17l1npl'])[9]]
Session ID: 6393442b79538b777be2f761498a58df
at java.base/jdk.internal.reflect.DirectConstructorHandleAccessor.newInstance(DirectConstructorHandleAccessor.java:67)
at java.base/java.lang.reflect.Constructor.newInstanceWithCaller(Constructor.java:500)
at java.base/java.lang.reflect.Constructor.newInstance(Constructor.java:484)
at org.openqa.selenium.remote.codec.w3c.W3CHttpResponseCodec.createException(W3CHttpResponseCodec.java:200)
at org.openqa.selenium.remote.codec.w3c.W3CHttpResponseCodec.decode(W3CHttpResponseCodec.java:133)
at org.openqa.selenium.remote.codec.w3c.W3CHttpResponseCodec.decode(W3CHttpResponseCodec.java:53)
at org.openqa.selenium.remote.HttpCommandExecutor.execute(HttpCommandExecutor.java:193)
at org.openqa.selenium.remote.service.DriverCommandExecutor.invokeExecute(DriverCommandExecutor.java:183)
at org.openqa.selenium.remote.service.DriverCommandExecutor.execute(DriverCommandExecutor.java:158)
at org.openqa.selenium.remote.RemoteWebDriver.execute(RemoteWebDriver.java:543)
at org.openqa.selenium.remote.RemoteWebElement.execute(RemoteWebElement.java:257)
at org.openqa.selenium.remote.RemoteWebElement.click(RemoteWebElement.java:78)
at java.base/jdk.internal.reflect.DirectMethodHandleAccessor.invoke(DirectMethodHandleAccessor.java:104)
at java.base/java.lang.reflect.Method.invoke(Method.java:578)
at org.openqa.selenium.support.pagefactory.internal.LocatingElementHandler.invoke(LocatingElementHandler.java:52)
at jdk.proxy2/jdk.proxy2.$Proxy22.click(Unknown Source)
at AshBrokerage.main.Dashboard_page.mode_dropdown(Dashboard_page.java:131)
at AshBrokerage.test.LoginPage_test.clickOnClientButton(LoginPage_test.java:141)
at java.base/jdk.internal.reflect.DirectMethodHandleAccessor.invoke(DirectMethodHandleAccessor.java:104)
at java.base/java.lang.reflect.Method.invoke(Method.java:578)
at org.testng.internal.MethodInvocationHelper.invokeMethod(MethodInvocationHelper.java:133)
at org.testng.internal.TestInvoker.invokeMethod(TestInvoker.java:598)
at org.testng.internal.TestInvoker.invokeTestMethod(TestInvoker.java:173)
at org.testng.internal.MethodRunner.runInSequence(MethodRunner.java:46)
at org.testng.internal.TestInvoker$MethodInvocationAgent.invoke(TestInvoker.java:824)
at org.testng.internal.TestInvoker.invokeTestMethods(TestInvoker.java:146)
at org.testng.internal.TestMethodWorker.invokeTestMethods(TestMethodWorker.java:146)
at org.testng.internal.TestMethodWorker.run(TestMethodWorker.java:128)
at java.base/java.util.ArrayList.forEach(ArrayList.java:1511)
at org.testng.TestRunner.privateRun(TestRunner.java:794)
at org.testng.TestRunner.run(TestRunner.java:596)
at org.testng.SuiteRunner.runTest(SuiteRunner.java:377)
at org.testng.SuiteRunner.runSequentially(SuiteRunner.java:371)
at org.testng.SuiteRunner.privateRun(SuiteRunner.java:332)
at org.testng.SuiteRunner.run(SuiteRunner.java:276)
at org.testng.SuiteRunnerWorker.runSuite(SuiteRunnerWorker.java:53)
at org.testng.SuiteRunnerWorker.run(SuiteRunnerWorker.java:96)
at org.testng.TestNG.runSuitesSequentially(TestNG.java:1212)
at org.testng.TestNG.runSuitesLocally(TestNG.java:1134)
at org.testng.TestNG.runSuites(TestNG.java:1063)
at org.testng.TestNG.run(TestNG.java:1031)
at org.testng.remote.AbstractRemoteTestNG.run(AbstractRemoteTestNG.java:115)
at org.testng.remote.RemoteTestNG.initAndRun(RemoteTestNG.java:251)
at org.testng.remote.RemoteTestNG.main(RemoteTestNG.java:77)
]]>
    </failure>
  </testcase> <!-- clickOnClientButton -->
  <testcase classname="AshBrokerage.test.LoginPage_test" name="journeySelection" time="0.0">
    <skipped/>
  </testcase> <!-- journeySelection -->
  <testcase classname="AshBrokerage.test.LoginPage_test" name="pacificLifeJourney" time="0.0">
    <skipped/>
  </testcase> <!-- pacificLifeJourney -->
  <testcase classname="AshBrokerage.test.LoginPage_test" name="verifyHeadline" time="0.0">
    <ignored/>
  </testcase> <!-- verifyHeadline -->
  <testcase classname="AshBrokerage.test.LoginPage_test" name="corebridgeJourney" time="0.0">
    <ignored/>
  </testcase> <!-- corebridgeJourney -->
  <testcase classname="AshBrokerage.test.LoginPage_test" name="verifyLogoOnLoginPage" time="0.0">
    <ignored/>
  </testcase> <!-- verifyLogoOnLoginPage -->
  <testcase classname="AshBrokerage.test.LoginPage_test" name="verifiedLogo" time="0.0">
    <ignored/>
  </testcase> <!-- verifiedLogo -->
  <testcase classname="AshBrokerage.test.LoginPage_test" name="invalidCredentialPass" time="0.0">
    <ignored/>
  </testcase> <!-- invalidCredentialPass -->
  <testcase classname="AshBrokerage.test.LoginPage_test" name="verifiedUrl" time="0.0">
    <ignored/>
  </testcase> <!-- verifiedUrl -->
  <testcase classname="AshBrokerage.test.LoginPage_test" name="protectiveJourney" time="0.0">
    <ignored/>
  </testcase> <!-- protectiveJourney -->
</testsuite> <!-- Default test -->
