<?xml version="1.0" encoding="UTF-8"?>
<!-- Generated by org.testng.reporters.JUnitXMLReporter -->
<testsuite ignored="0" hostname="DESKTOP-28CLGRH" failures="0" tests="3" name="edge" time="3.106" errors="0" timestamp="2023-12-18T15:16:52 IST">
  <testcase classname="AshBrokerage.core.Base" name="@BeforeTest initialize" time="3.002">
    <failure type="java.lang.IllegalStateException" message="The path to the driver executable Unable to locate the chromedriver executable; for more information on how to install drivers, see https://www.selenium.dev/documentation/webdriver/getting_started/install_drivers/">
      <![CDATA[java.lang.IllegalStateException: The path to the driver executable Unable to locate the chromedriver executable; for more information on how to install drivers, see https://www.selenium.dev/documentation/webdriver/getting_started/install_drivers/
at org.openqa.selenium.internal.Require$StateChecker.nonNull(Require.java:314)
at org.openqa.selenium.remote.service.DriverFinder.getPath(DriverFinder.java:34)
at org.openqa.selenium.chrome.ChromeDriver.generateExecutor(ChromeDriver.java:98)
at org.openqa.selenium.chrome.ChromeDriver.<init>(ChromeDriver.java:88)
at org.openqa.selenium.chrome.ChromeDriver.<init>(ChromeDriver.java:84)
at org.openqa.selenium.chrome.ChromeDriver.<init>(ChromeDriver.java:52)
at AshBrokerage.core.Base.initialize(Base.java:54)
... Removed 22 stack frames]]>
    </failure>
  </testcase> <!-- @BeforeTest initialize -->
  <testcase classname="AshBrokerage.core.Base" name="@AfterMethod tearDown" time="-1.702892812313E9">
    <skipped/>
  </testcase> <!-- @AfterMethod tearDown -->
  <testcase classname="AshBrokerage.core.Base" name="@AfterTest afterTest" time="-1.702892812341E9">
    <skipped/>
  </testcase> <!-- @AfterTest afterTest -->
  <testcase classname="AshBrokerage.test.LoginPage_test" name="login" time="0.0">
    <skipped/>
  </testcase> <!-- login -->
  <testcase classname="AshBrokerage.test.LoginPage_test" name="clickOnClientPage" time="0.0">
    <skipped/>
  </testcase> <!-- clickOnClientPage -->
  <testcase classname="AshBrokerage.test.LoginPage_test" name="productselection" time="0.0">
    <skipped/>
  </testcase> <!-- productselection -->
</testsuite> <!-- edge -->
