<?xml version="1.0" encoding="UTF-8"?>
<!-- Generated by org.testng.reporters.JUnitXMLReporter -->
<testsuite ignored="17" hostname="DESKTOP-28CLGRH" failures="1" tests="3" name="sanity" time="25.055" errors="0" timestamp="2023-12-20T18:24:47 IST">
  <testcase classname="AshBrokerage.test.LoginPage_test" name="login" time="15.924"/>
  <testcase classname="AshBrokerage.test.LoginPage_test" name="verifyDashBoardPage" time="1.845">
    <failure type="org.openqa.selenium.ElementClickInterceptedException" message="element click intercepted: Element &amp;lt;div class=&amp;quot;col-span-12&amp;quot;&amp;gt;...&amp;lt;/div&amp;gt; is not clickable at point (128, 853). Other element would receive the click: &amp;lt;span class=&amp;quot;flex justify-center items-center absolute w-full h-full z-50 bg-black opacity-50&amp;quot;&amp;gt;...&amp;lt;/span&amp;gt;
  (Session info: chrome=120.0.6099.110)
Build info: version: &amp;apos;4.9.1&amp;apos;, revision: &amp;apos;eb2032df7f&amp;apos;
System info: os.name: &amp;apos;Windows 10&amp;apos;, os.arch: &amp;apos;amd64&amp;apos;, os.version: &amp;apos;10.0&amp;apos;, java.version: &amp;apos;20.0.1&amp;apos;
Driver info: org.openqa.selenium.chrome.ChromeDriver
Command: [1f67d289f8f6a317e4c3fe6e4fae1327, clickElement {id=676FF56F5B3D0723A2A76E0CE15D6338_element_360}]
Capabilities {acceptInsecureCerts: false, browserName: chrome, browserVersion: 120.0.6099.110, chrome: {chromedriverVersion: 120.0.6099.109 (3419140ab66..., userDataDir: C:\Users\IPS-52\AppData\Loc...}, fedcm:accounts: true, goog:chromeOptions: {debuggerAddress: localhost:63860}, networkConnectionEnabled: false, pageLoadStrategy: normal, platformName: windows, proxy: Proxy(), se:cdp: ws://localhost:63860/devtoo..., se:cdpVersion: 120.0.6099.110, setWindowRect: true, strictFileInteractability: false, timeouts: {implicit: 0, pageLoad: 300000, script: 30000}, unhandledPromptBehavior: dismiss and notify, webauthn:extension:credBlob: true, webauthn:extension:largeBlob: true, webauthn:extension:minPinLength: true, webauthn:extension:prf: true, webauthn:virtualAuthenticators: true}
Element: [[ChromeDriver: chrome on windows (1f67d289f8f6a317e4c3fe6e4fae1327)] -&amp;gt; xpath: (//div[@class=&amp;apos;col-span-12&amp;apos;])[5]]
Session ID: 1f67d289f8f6a317e4c3fe6e4fae1327">
      <![CDATA[org.openqa.selenium.ElementClickInterceptedException: element click intercepted: Element <div class="col-span-12">...</div> is not clickable at point (128, 853). Other element would receive the click: <span class="flex justify-center items-center absolute w-full h-full z-50 bg-black opacity-50">...</span>
  (Session info: chrome=120.0.6099.110)
Build info: version: '4.9.1', revision: 'eb2032df7f'
System info: os.name: 'Windows 10', os.arch: 'amd64', os.version: '10.0', java.version: '20.0.1'
Driver info: org.openqa.selenium.chrome.ChromeDriver
Command: [1f67d289f8f6a317e4c3fe6e4fae1327, clickElement {id=676FF56F5B3D0723A2A76E0CE15D6338_element_360}]
Capabilities {acceptInsecureCerts: false, browserName: chrome, browserVersion: 120.0.6099.110, chrome: {chromedriverVersion: 120.0.6099.109 (3419140ab66..., userDataDir: C:\Users\IPS-52\AppData\Loc...}, fedcm:accounts: true, goog:chromeOptions: {debuggerAddress: localhost:63860}, networkConnectionEnabled: false, pageLoadStrategy: normal, platformName: windows, proxy: Proxy(), se:cdp: ws://localhost:63860/devtoo..., se:cdpVersion: 120.0.6099.110, setWindowRect: true, strictFileInteractability: false, timeouts: {implicit: 0, pageLoad: 300000, script: 30000}, unhandledPromptBehavior: dismiss and notify, webauthn:extension:credBlob: true, webauthn:extension:largeBlob: true, webauthn:extension:minPinLength: true, webauthn:extension:prf: true, webauthn:virtualAuthenticators: true}
Element: [[ChromeDriver: chrome on windows (1f67d289f8f6a317e4c3fe6e4fae1327)] -> xpath: (//div[@class='col-span-12'])[5]]
Session ID: 1f67d289f8f6a317e4c3fe6e4fae1327
at org.openqa.selenium.remote.codec.w3c.W3CHttpResponseCodec.createException(W3CHttpResponseCodec.java:200)
at org.openqa.selenium.remote.codec.w3c.W3CHttpResponseCodec.decode(W3CHttpResponseCodec.java:133)
at org.openqa.selenium.remote.codec.w3c.W3CHttpResponseCodec.decode(W3CHttpResponseCodec.java:53)
at org.openqa.selenium.remote.HttpCommandExecutor.execute(HttpCommandExecutor.java:193)
at org.openqa.selenium.remote.service.DriverCommandExecutor.invokeExecute(DriverCommandExecutor.java:183)
at org.openqa.selenium.remote.service.DriverCommandExecutor.execute(DriverCommandExecutor.java:158)
at org.openqa.selenium.remote.RemoteWebDriver.execute(RemoteWebDriver.java:543)
at org.openqa.selenium.remote.RemoteWebElement.execute(RemoteWebElement.java:257)
at org.openqa.selenium.remote.RemoteWebElement.click(RemoteWebElement.java:78)
at org.openqa.selenium.support.pagefactory.internal.LocatingElementHandler.invoke(LocatingElementHandler.java:52)
at jdk.proxy2/jdk.proxy2.$Proxy23.click(Unknown Source)
at AshBrokerage.main.Dashboard_page.mode_present(Dashboard_page.java:108)
at AshBrokerage.test.LoginPage_test.verifyDashBoardPage(LoginPage_test.java:102)
at java.base/java.util.ArrayList.forEach(ArrayList.java:1511)
... Removed 30 stack frames]]>
    </failure>
  </testcase> <!-- verifyDashBoardPage -->
  <testcase classname="AshBrokerage.test.LoginPage_test" name="verifiedLogo" time="0.0">
    <skipped/>
  </testcase> <!-- verifiedLogo -->
  <testcase classname="AshBrokerage.core.Base" name="@BeforeSuite reportsetup" time="0.0">
    <ignored/>
  </testcase> <!-- @BeforeSuite reportsetup -->
  <testcase classname="AshBrokerage.core.Base" name="@BeforeSuite reportsetup" time="0.0">
    <ignored/>
  </testcase> <!-- @BeforeSuite reportsetup -->
  <testcase classname="AshBrokerage.core.Base" name="@BeforeSuite reportsetup" time="0.0">
    <ignored/>
  </testcase> <!-- @BeforeSuite reportsetup -->
  <testcase classname="AshBrokerage.core.Base" name="@BeforeSuite reportsetup" time="0.0">
    <ignored/>
  </testcase> <!-- @BeforeSuite reportsetup -->
  <testcase classname="AshBrokerage.test.VerifyHomepage_screen" name="verifyDashBoardPage" time="0.0">
    <ignored/>
  </testcase> <!-- verifyDashBoardPage -->
  <testcase classname="AshBrokerage.test.LoginPage_test" name="verifyLogoOnLoginPage" time="0.0">
    <ignored/>
  </testcase> <!-- verifyLogoOnLoginPage -->
  <testcase classname="AshBrokerage.test.LoginPage_test" name="verifyloginPage" time="0.0">
    <ignored/>
  </testcase> <!-- verifyloginPage -->
  <testcase classname="AshBrokerage.test.LoginPage_test" name="verifiedUrl" time="0.0">
    <ignored/>
  </testcase> <!-- verifiedUrl -->
  <testcase classname="AshBrokerage.test.LoginPage_test" name="negativetestcase" time="0.0">
    <ignored/>
  </testcase> <!-- negativetestcase -->
  <testcase classname="AshBrokerage.test.ProductSelectionJourney" name="productselection" time="0.0">
    <ignored/>
  </testcase> <!-- productselection -->
  <testcase classname="AshBrokerage.core.Base" name="@BeforeTest setup" time="0.0">
    <ignored/>
  </testcase> <!-- @BeforeTest setup -->
  <testcase classname="AshBrokerage.core.Base" name="@BeforeTest setup" time="0.0">
    <ignored/>
  </testcase> <!-- @BeforeTest setup -->
  <testcase classname="AshBrokerage.core.Base" name="@BeforeTest setup" time="0.0">
    <ignored/>
  </testcase> <!-- @BeforeTest setup -->
  <testcase classname="AshBrokerage.core.Base" name="@BeforeTest setup" time="0.0">
    <ignored/>
  </testcase> <!-- @BeforeTest setup -->
  <testcase classname="AshBrokerage.test.LoginPage_test" name="productselection" time="0.0">
    <ignored/>
  </testcase> <!-- productselection -->
  <testcase classname="AshBrokerage.test.LoginPage_test" name="clickOnClientPage" time="0.0">
    <ignored/>
  </testcase> <!-- clickOnClientPage -->
  <testcase classname="AshBrokerage.test.Dashboard_page_test" name="demo_mode_selected" time="0.0">
    <ignored/>
  </testcase> <!-- demo_mode_selected -->
</testsuite> <!-- sanity -->
