<?xml version="1.0" encoding="UTF-8"?>
<!-- Generated by org.testng.reporters.JUnitReportReporter -->
<testsuite hostname="DESKTOP-28CLGRH" failures="0" tests="8" name="AshBrokerage.test.LoginPage_test" time="18.842" errors="1" timestamp="2024-02-01T17:57:02 IST" skipped="6">
  <testcase classname="AshBrokerage.test.LoginPage_test" name="login" time="17.647"/>
  <system-out/>
  <testcase classname="AshBrokerage.test.LoginPage_test" name="verifyDashBoardPage" time="1.195">
    <error message="element click intercepted: Element &lt;span class=&quot;ml-3 sidebar-tab&quot;&gt;...&lt;/span&gt; is not clickable at point (93, 135). Other element would receive the click: &lt;a href=&quot;/dashboard&quot; class=&quot;flex items-center py-4 hover:bg-primary-focus bg-primary-focus&quot;&gt;...&lt;/a&gt;
  (Session info: chrome=120.0.6099.225)
Build info: version: &#039;4.9.1&#039;, revision: &#039;eb2032df7f&#039;
System info: os.name: &#039;Windows 10&#039;, os.arch: &#039;amd64&#039;, os.version: &#039;10.0&#039;, java.version: &#039;20.0.1&#039;
Driver info: org.openqa.selenium.chrome.ChromeDriver
Command: [99b209fc97ddd93fed8dd56afac925b4, clickElement {id=64726EC43997C1F84EF2E35AB6DFE563_element_393}]
Capabilities {acceptInsecureCerts: false, browserName: chrome, browserVersion: 120.0.6099.225, chrome: {chromedriverVersion: 120.0.6099.109 (3419140ab66..., userDataDir: C:\Users\IPS-52\AppData\Loc...}, fedcm:accounts: true, goog:chromeOptions: {debuggerAddress: localhost:62660}, networkConnectionEnabled: false, pageLoadStrategy: normal, platformName: windows, proxy: Proxy(), se:cdp: ws://localhost:62660/devtoo..., se:cdpVersion: 120.0.6099.225, setWindowRect: true, strictFileInteractability: false, timeouts: {implicit: 0, pageLoad: 300000, script: 30000}, unhandledPromptBehavior: dismiss and notify, webauthn:extension:credBlob: true, webauthn:extension:largeBlob: true, webauthn:extension:minPinLength: true, webauthn:extension:prf: true, webauthn:virtualAuthenticators: true}
Element: [[ChromeDriver: chrome on windows (99b209fc97ddd93fed8dd56afac925b4)] -&gt; xpath: //span[normalize-space()=&#039;Clients&#039;]]
Session ID: 99b209fc97ddd93fed8dd56afac925b4" type="org.openqa.selenium.ElementClickInterceptedException">
      <![CDATA[org.openqa.selenium.ElementClickInterceptedException: element click intercepted: Element <span class="ml-3 sidebar-tab">...</span> is not clickable at point (93, 135). Other element would receive the click: <a href="/dashboard" class="flex items-center py-4 hover:bg-primary-focus bg-primary-focus">...</a>
  (Session info: chrome=120.0.6099.225)
Build info: version: '4.9.1', revision: 'eb2032df7f'
System info: os.name: 'Windows 10', os.arch: 'amd64', os.version: '10.0', java.version: '20.0.1'
Driver info: org.openqa.selenium.chrome.ChromeDriver
Command: [99b209fc97ddd93fed8dd56afac925b4, clickElement {id=64726EC43997C1F84EF2E35AB6DFE563_element_393}]
Capabilities {acceptInsecureCerts: false, browserName: chrome, browserVersion: 120.0.6099.225, chrome: {chromedriverVersion: 120.0.6099.109 (3419140ab66..., userDataDir: C:\Users\IPS-52\AppData\Loc...}, fedcm:accounts: true, goog:chromeOptions: {debuggerAddress: localhost:62660}, networkConnectionEnabled: false, pageLoadStrategy: normal, platformName: windows, proxy: Proxy(), se:cdp: ws://localhost:62660/devtoo..., se:cdpVersion: 120.0.6099.225, setWindowRect: true, strictFileInteractability: false, timeouts: {implicit: 0, pageLoad: 300000, script: 30000}, unhandledPromptBehavior: dismiss and notify, webauthn:extension:credBlob: true, webauthn:extension:largeBlob: true, webauthn:extension:minPinLength: true, webauthn:extension:prf: true, webauthn:virtualAuthenticators: true}
Element: [[ChromeDriver: chrome on windows (99b209fc97ddd93fed8dd56afac925b4)] -> xpath: //span[normalize-space()='Clients']]
Session ID: 99b209fc97ddd93fed8dd56afac925b4
at java.base/jdk.internal.reflect.DirectConstructorHandleAccessor.newInstance(DirectConstructorHandleAccessor.java:67)
at java.base/java.lang.reflect.Constructor.newInstanceWithCaller(Constructor.java:500)
at java.base/java.lang.reflect.Constructor.newInstance(Constructor.java:484)
at org.openqa.selenium.remote.codec.w3c.W3CHttpResponseCodec.createException(W3CHttpResponseCodec.java:200)
at org.openqa.selenium.remote.codec.w3c.W3CHttpResponseCodec.decode(W3CHttpResponseCodec.java:133)
at org.openqa.selenium.remote.codec.w3c.W3CHttpResponseCodec.decode(W3CHttpResponseCodec.java:53)
at org.openqa.selenium.remote.HttpCommandExecutor.execute(HttpCommandExecutor.java:193)
at org.openqa.selenium.remote.service.DriverCommandExecutor.invokeExecute(DriverCommandExecutor.java:183)
at org.openqa.selenium.remote.service.DriverCommandExecutor.execute(DriverCommandExecutor.java:158)
at org.openqa.selenium.remote.RemoteWebDriver.execute(RemoteWebDriver.java:543)
at org.openqa.selenium.remote.RemoteWebElement.execute(RemoteWebElement.java:257)
at org.openqa.selenium.remote.RemoteWebElement.click(RemoteWebElement.java:78)
at java.base/jdk.internal.reflect.DirectMethodHandleAccessor.invoke(DirectMethodHandleAccessor.java:104)
at java.base/java.lang.reflect.Method.invoke(Method.java:578)
at org.openqa.selenium.support.pagefactory.internal.LocatingElementHandler.invoke(LocatingElementHandler.java:52)
at jdk.proxy2/jdk.proxy2.$Proxy21.click(Unknown Source)
at AshBrokerage.main.Dashboard_page.Client_btn(Dashboard_page.java:83)
at AshBrokerage.test.LoginPage_test.verifyDashBoardPage(LoginPage_test.java:100)
at java.base/jdk.internal.reflect.DirectMethodHandleAccessor.invoke(DirectMethodHandleAccessor.java:104)
at java.base/java.lang.reflect.Method.invoke(Method.java:578)
at org.testng.internal.MethodInvocationHelper.invokeMethod(MethodInvocationHelper.java:133)
at org.testng.internal.TestInvoker.invokeMethod(TestInvoker.java:598)
at org.testng.internal.TestInvoker.invokeTestMethod(TestInvoker.java:173)
at org.testng.internal.MethodRunner.runInSequence(MethodRunner.java:46)
at org.testng.internal.TestInvoker$MethodInvocationAgent.invoke(TestInvoker.java:824)
at org.testng.internal.TestInvoker.invokeTestMethods(TestInvoker.java:146)
at org.testng.internal.TestMethodWorker.invokeTestMethods(TestMethodWorker.java:146)
at org.testng.internal.TestMethodWorker.run(TestMethodWorker.java:128)
at java.base/java.util.ArrayList.forEach(ArrayList.java:1511)
at org.testng.TestRunner.privateRun(TestRunner.java:794)
at org.testng.TestRunner.run(TestRunner.java:596)
at org.testng.SuiteRunner.runTest(SuiteRunner.java:377)
at org.testng.SuiteRunner.runSequentially(SuiteRunner.java:371)
at org.testng.SuiteRunner.privateRun(SuiteRunner.java:332)
at org.testng.SuiteRunner.run(SuiteRunner.java:276)
at org.testng.SuiteRunnerWorker.runSuite(SuiteRunnerWorker.java:53)
at org.testng.SuiteRunnerWorker.run(SuiteRunnerWorker.java:96)
at org.testng.TestNG.runSuitesSequentially(TestNG.java:1212)
at org.testng.TestNG.runSuitesLocally(TestNG.java:1134)
at org.testng.TestNG.runSuites(TestNG.java:1063)
at org.testng.TestNG.run(TestNG.java:1031)
at org.testng.remote.AbstractRemoteTestNG.run(AbstractRemoteTestNG.java:115)
at org.testng.remote.RemoteTestNG.initAndRun(RemoteTestNG.java:251)
at org.testng.remote.RemoteTestNG.main(RemoteTestNG.java:77)
]]>
    </error>
  </testcase> <!-- verifyDashBoardPage -->
  <system-out/>
  <testcase classname="AshBrokerage.test.LoginPage_test" name="verifyHeadline">
    <skipped/>
  </testcase> <!-- verifyHeadline -->
  <system-out/>
  <testcase classname="AshBrokerage.test.LoginPage_test" name="pacificLifeJourney">
    <skipped/>
  </testcase> <!-- pacificLifeJourney -->
  <system-out/>
  <testcase classname="AshBrokerage.test.LoginPage_test" name="corebridgeJourney">
    <skipped/>
  </testcase> <!-- corebridgeJourney -->
  <system-out/>
  <testcase classname="AshBrokerage.test.LoginPage_test" name="verifyLogoOnLoginPage">
    <skipped/>
  </testcase> <!-- verifyLogoOnLoginPage -->
  <system-out/>
  <testcase classname="AshBrokerage.test.LoginPage_test" name="verifiedLogo">
    <skipped/>
  </testcase> <!-- verifiedLogo -->
  <system-out/>
  <testcase classname="AshBrokerage.test.LoginPage_test" name="protectiveJourney">
    <skipped/>
  </testcase> <!-- protectiveJourney -->
  <system-out/>
</testsuite> <!-- AshBrokerage.test.LoginPage_test -->
